<?xml version="1.0" encoding="UTF-8"?>
<testsuite name="com.emansy.employeeservice.web.controller.EmployeeControllerTest" tests="16" skipped="0" failures="0" errors="0" timestamp="2024-07-31T09:32:42" hostname="DESKTOP-CSR94FS" time="0.85">
  <properties/>
  <testcase name="unattendTestPositive()" classname="com.emansy.employeeservice.web.controller.EmployeeControllerTest" time="0.38"/>
  <testcase name="findAllEmployeesTestPositive()" classname="com.emansy.employeeservice.web.controller.EmployeeControllerTest" time="0.145"/>
  <testcase name="findAllEmployeesTestNegative()" classname="com.emansy.employeeservice.web.controller.EmployeeControllerTest" time="0.012"/>
  <testcase name="updateEmployeeTestNegativeBadRequest()" classname="com.emansy.employeeservice.web.controller.EmployeeControllerTest" time="0.095"/>
  <testcase name="unattendTestNegativeNotFound()" classname="com.emansy.employeeservice.web.controller.EmployeeControllerTest" time="0.016"/>
  <testcase name="deleteEmployeeByIdTestPositive()" classname="com.emansy.employeeservice.web.controller.EmployeeControllerTest" time="0.013"/>
  <testcase name="updateEmployeeTestPositive()" classname="com.emansy.employeeservice.web.controller.EmployeeControllerTest" time="0.018"/>
  <testcase name="deleteEmployeeByIdTestNegative()" classname="com.emansy.employeeservice.web.controller.EmployeeControllerTest" time="0.013"/>
  <testcase name="findAttendedEventsBetweenTestPositive()" classname="com.emansy.employeeservice.web.controller.EmployeeControllerTest" time="0.028"/>
  <testcase name="findEmployeeByIdTestPositive()" classname="com.emansy.employeeservice.web.controller.EmployeeControllerTest" time="0.015"/>
  <testcase name="saveEmployeeTestPositive()" classname="com.emansy.employeeservice.web.controller.EmployeeControllerTest" time="0.019"/>
  <testcase name="findAttendedEventsBetweenTestNegative()" classname="com.emansy.employeeservice.web.controller.EmployeeControllerTest" time="0.014"/>
  <testcase name="findEmployeeByIdTestNegative()" classname="com.emansy.employeeservice.web.controller.EmployeeControllerTest" time="0.011"/>
  <testcase name="saveEmployeeTestNegative()" classname="com.emansy.employeeservice.web.controller.EmployeeControllerTest" time="0.014"/>
  <testcase name="unattendTestNegativeBadRequest()" classname="com.emansy.employeeservice.web.controller.EmployeeControllerTest" time="0.013"/>
  <testcase name="updateEmployeeTestNegativeNotFound()" classname="com.emansy.employeeservice.web.controller.EmployeeControllerTest" time="0.014"/>
  <system-out><![CDATA[2024-07-31 12:32:41.113  INFO 16444 --- [    Test worker] .b.t.a.w.s.WebMvcTestContextBootstrapper : Neither @ContextConfiguration nor @ContextHierarchy found for test class [com.emansy.employeeservice.web.controller.EmployeeControllerTest], using SpringBootContextLoader
2024-07-31 12:32:41.113  INFO 16444 --- [    Test worker] o.s.t.c.s.AbstractContextLoader          : Could not detect default resource locations for test class [com.emansy.employeeservice.web.controller.EmployeeControllerTest]: no resource found for suffixes {-context.xml, Context.groovy}.
2024-07-31 12:32:41.129  INFO 16444 --- [    Test worker] t.c.s.AnnotationConfigContextLoaderUtils : Could not detect default configuration classes for test class [com.emansy.employeeservice.web.controller.EmployeeControllerTest]: EmployeeControllerTest does not declare any static, non-private, non-final, nested classes annotated with @Configuration.
2024-07-31 12:32:41.192  INFO 16444 --- [    Test worker] .b.t.c.SpringBootTestContextBootstrapper : Found @SpringBootConfiguration com.emansy.employeeservice.EmployeeServiceApplication for test class com.emansy.employeeservice.web.controller.EmployeeControllerTest
2024-07-31 12:32:41.192  INFO 16444 --- [    Test worker] .b.t.a.w.s.WebMvcTestContextBootstrapper : Loaded default TestExecutionListener class names from location [META-INF/spring.factories]: [org.springframework.boot.test.autoconfigure.restdocs.RestDocsTestExecutionListener, org.springframework.boot.test.autoconfigure.web.client.MockRestServiceServerResetTestExecutionListener, org.springframework.boot.test.autoconfigure.web.servlet.MockMvcPrintOnlyOnFailureTestExecutionListener, org.springframework.boot.test.autoconfigure.web.servlet.WebDriverTestExecutionListener, org.springframework.boot.test.autoconfigure.webservices.client.MockWebServiceServerTestExecutionListener, org.springframework.boot.test.mock.mockito.MockitoTestExecutionListener, org.springframework.boot.test.mock.mockito.ResetMocksTestExecutionListener, org.springframework.test.context.web.ServletTestExecutionListener, org.springframework.test.context.support.DirtiesContextBeforeModesTestExecutionListener, org.springframework.test.context.event.ApplicationEventsTestExecutionListener, org.springframework.test.context.support.DependencyInjectionTestExecutionListener, org.springframework.test.context.support.DirtiesContextTestExecutionListener, org.springframework.test.context.transaction.TransactionalTestExecutionListener, org.springframework.test.context.jdbc.SqlScriptsTestExecutionListener, org.springframework.test.context.event.EventPublishingTestExecutionListener]
2024-07-31 12:32:41.198  INFO 16444 --- [    Test worker] .b.t.a.w.s.WebMvcTestContextBootstrapper : Using TestExecutionListeners: [org.springframework.test.context.web.ServletTestExecutionListener@56059cf1, org.springframework.test.context.support.DirtiesContextBeforeModesTestExecutionListener@3b89bccf, org.springframework.test.context.event.ApplicationEventsTestExecutionListener@299a0651, org.springframework.boot.test.mock.mockito.MockitoTestExecutionListener@4518e64, org.springframework.boot.test.autoconfigure.SpringBootDependencyInjectionTestExecutionListener@7ec9780b, org.springframework.test.context.support.DirtiesContextTestExecutionListener@8d0dcd9, org.springframework.test.context.transaction.TransactionalTestExecutionListener@7101fb1c, org.springframework.test.context.jdbc.SqlScriptsTestExecutionListener@79ab79f6, org.springframework.test.context.event.EventPublishingTestExecutionListener@4c974fe8, org.springframework.boot.test.autoconfigure.restdocs.RestDocsTestExecutionListener@422f74b7, org.springframework.boot.test.autoconfigure.web.client.MockRestServiceServerResetTestExecutionListener@3c88bef5, org.springframework.boot.test.autoconfigure.web.servlet.MockMvcPrintOnlyOnFailureTestExecutionListener@1e4e145b, org.springframework.boot.test.autoconfigure.web.servlet.WebDriverTestExecutionListener@68d0e075, org.springframework.boot.test.autoconfigure.webservices.client.MockWebServiceServerTestExecutionListener@5163bb14, org.springframework.boot.test.mock.mockito.ResetMocksTestExecutionListener@2865c8db]

  .   ____          _            __ _ _
 /\\ / ___'_ __ _ _(_)_ __  __ _ \ \ \ \
( ( )\___ | '_ | '_| | '_ \/ _` | \ \ \ \
 \\/  ___)| |_)| | | | | || (_| |  ) ) ) )
  '  |____| .__|_| |_|_| |_\__, | / / / /
 =========|_|==============|___/=/_/_/_/
 :: Spring Boot ::                (v2.7.8)

2024-07-31 12:32:41.303  INFO 16444 --- [    Test worker] c.e.e.w.c.EmployeeControllerTest         : Starting EmployeeControllerTest using Java 11.0.18 on DESKTOP-CSR94FS with PID 16444 (started by paras in F:\Java\Employee-event management\employee-service)
2024-07-31 12:32:41.303  INFO 16444 --- [    Test worker] c.e.e.w.c.EmployeeControllerTest         : No active profile set, falling back to 1 default profile: "default"
2024-07-31 12:32:42.591  INFO 16444 --- [    Test worker] o.s.b.t.m.w.SpringBootMockServletContext : Initializing Spring TestDispatcherServlet ''
2024-07-31 12:32:42.591  INFO 16444 --- [    Test worker] o.s.t.w.s.TestDispatcherServlet          : Initializing Servlet ''
2024-07-31 12:32:42.591  INFO 16444 --- [    Test worker] o.s.t.w.s.TestDispatcherServlet          : Completed initialization in 0 ms
2024-07-31 12:32:42.617  INFO 16444 --- [    Test worker] c.e.e.w.c.EmployeeControllerTest         : Started EmployeeControllerTest in 1.419 seconds (JVM running for 63.347)
2024-07-31 12:32:42.966  INFO 16444 --- [    Test worker] c.e.e.w.c.EmployeeController             : Cancel employee's with id 1 attendance of event with id 1 (if exists)
2024-07-31 12:32:43.013  INFO 16444 --- [    Test worker] c.e.e.w.c.EmployeeController             : Retrieve list of all employees
2024-07-31 12:32:43.160  INFO 16444 --- [    Test worker] c.e.e.w.c.EmployeeController             : Retrieve list of all employees
2024-07-31 12:32:43.276  INFO 16444 --- [    Test worker] c.e.e.w.c.EmployeeController             : Cancel employee's with id 1 attendance of event with id 1 (if exists)
2024-07-31 12:32:43.277  WARN 16444 --- [    Test worker] c.e.e.w.c.EmployeeController             : Employee with id 1 is not found
2024-07-31 12:32:43.280  INFO 16444 --- [    Test worker] c.e.e.w.c.EmployeeController             : Delete an employee by id: 1
2024-07-31 12:32:43.307  INFO 16444 --- [    Test worker] c.e.e.w.c.EmployeeController             : Update an existing employee by passing EmployeeDto(id=1, firstName=First name, lastName=Last name, email=email@email.com, phone=+37100000000, jobTitleDto=JobTitleDto(id=null, name=null), officeDto=OfficeDto(id=null, name=null, streetAddress=null, city=null, countryDto=null), workingStartTime=09:00:00, workingEndTime=18:00:00, eventIds=[])
2024-07-31 12:32:43.327  INFO 16444 --- [    Test worker] c.e.e.w.c.EmployeeController             : Delete an employee by id: 1
2024-07-31 12:32:43.327  WARN 16444 --- [    Test worker] c.e.e.w.c.EmployeeController             : Employee for delete with id 1 is not found
2024-07-31 12:32:43.343  INFO 16444 --- [    Test worker] c.e.e.w.c.EmployeeController             : Find events attended by the employee with id 1, scheduled between 2023-01-01 and 2024-01-01
2024-07-31 12:32:43.361  INFO 16444 --- [    Test worker] c.e.e.w.c.EmployeeController             : Find an employee by id: 1
2024-07-31 12:32:43.391  INFO 16444 --- [    Test worker] c.e.e.w.c.EmployeeController             : Create and save a new employee by passing EmployeeDto(id=1, firstName=First name, lastName=Last name, email=email@email.com, phone=+37100000000, jobTitleDto=JobTitleDto(id=null, name=null), officeDto=OfficeDto(id=null, name=null, streetAddress=null, city=null, countryDto=null), workingStartTime=09:00:00, workingEndTime=18:00:00, eventIds=[])
2024-07-31 12:32:43.409  INFO 16444 --- [    Test worker] c.e.e.w.c.EmployeeController             : Find events attended by the employee with id 1, scheduled between 2023-01-01 and 2024-01-01
2024-07-31 12:32:43.409  WARN 16444 --- [    Test worker] c.e.e.w.c.EmployeeController             : Employee with id 1 is not found
2024-07-31 12:32:43.423  INFO 16444 --- [    Test worker] c.e.e.w.c.EmployeeController             : Find an employee by id: 1
2024-07-31 12:32:43.423  WARN 16444 --- [    Test worker] c.e.e.w.c.EmployeeController             : Employee with id 1 is not found.
2024-07-31 12:32:43.472  INFO 16444 --- [    Test worker] c.e.e.w.c.EmployeeController             : Update an existing employee by passing EmployeeDto(id=1, firstName=First name, lastName=Last name, email=email@email.com, phone=+37100000000, jobTitleDto=JobTitleDto(id=null, name=null), officeDto=OfficeDto(id=null, name=null, streetAddress=null, city=null, countryDto=null), workingStartTime=09:00:00, workingEndTime=18:00:00, eventIds=[])
2024-07-31 12:32:43.472  WARN 16444 --- [    Test worker] c.e.e.w.c.EmployeeController             : Employee for update with id 1 is not found
]]></system-out>
  <system-err><![CDATA[]]></system-err>
</testsuite>
