<?xml version="1.0" encoding="UTF-8"?>
<testsuite name="com.emansy.employeeservice.business.service.impl.EmployeeServiceTest" tests="29" skipped="0" failures="0" errors="0" timestamp="2024-07-31T09:32:40" hostname="DESKTOP-CSR94FS" time="0.775">
  <properties/>
  <testcase name="saveTest()" classname="com.emansy.employeeservice.business.service.impl.EmployeeServiceTest" time="0.122"/>
  <testcase name="attendEventTestRescheduleToSameDayLater()" classname="com.emansy.employeeservice.business.service.impl.EmployeeServiceTest" time="0.075"/>
  <testcase name="findAttendingEmployeesTestPositive()" classname="com.emansy.employeeservice.business.service.impl.EmployeeServiceTest" time="0.016"/>
  <testcase name="unattendEventTestPositive()" classname="com.emansy.employeeservice.business.service.impl.EmployeeServiceTest" time="0.018"/>
  <testcase name="findAttendingEmployeesTestNegative()" classname="com.emansy.employeeservice.business.service.impl.EmployeeServiceTest" time="0.015"/>
  <testcase name="deleteByIdTest()" classname="com.emansy.employeeservice.business.service.impl.EmployeeServiceTest" time="0.011"/>
  <testcase name="unattendAndDeleteEventTestNegativeNoEventId()" classname="com.emansy.employeeservice.business.service.impl.EmployeeServiceTest" time="0.016"/>
  <testcase name="unattendEventTestNegativeNoAttendingEmployees()" classname="com.emansy.employeeservice.business.service.impl.EmployeeServiceTest" time="0.015"/>
  <testcase name="findNonAttendingEmployeesTestPositive()" classname="com.emansy.employeeservice.business.service.impl.EmployeeServiceTest" time="0.013"/>
  <testcase name="attendEventTestPositive()" classname="com.emansy.employeeservice.business.service.impl.EmployeeServiceTest" time="0.019"/>
  <testcase name="unattendAndDeleteEventTestNegativeNoAttendingEmployees()" classname="com.emansy.employeeservice.business.service.impl.EmployeeServiceTest" time="0.013"/>
  <testcase name="findNonAttendingEmployeesTestNegative()" classname="com.emansy.employeeservice.business.service.impl.EmployeeServiceTest" time="0.012"/>
  <testcase name="attendEventTestNegativeNoEmployeesFound()" classname="com.emansy.employeeservice.business.service.impl.EmployeeServiceTest" time="0.011"/>
  <testcase name="unattendEventTestNegativeNoEventId()" classname="com.emansy.employeeservice.business.service.impl.EmployeeServiceTest" time="0.013"/>
  <testcase name="updateTestPositive()" classname="com.emansy.employeeservice.business.service.impl.EmployeeServiceTest" time="0.013"/>
  <testcase name="updateTestNegative()" classname="com.emansy.employeeservice.business.service.impl.EmployeeServiceTest" time="0.015"/>
  <testcase name="unattendEventTestNegativeWrongAttendingEmployees()" classname="com.emansy.employeeservice.business.service.impl.EmployeeServiceTest" time="0.016"/>
  <testcase name="unattendAndDeleteEventTestPositive()" classname="com.emansy.employeeservice.business.service.impl.EmployeeServiceTest" time="0.012"/>
  <testcase name="findAttendedEventsBetweenTestPositive()" classname="com.emansy.employeeservice.business.service.impl.EmployeeServiceTest" time="0.012"/>
  <testcase name="findByIdTestPositive()" classname="com.emansy.employeeservice.business.service.impl.EmployeeServiceTest" time="0.015"/>
  <testcase name="findAttendedEventsBetweenTestNegative()" classname="com.emansy.employeeservice.business.service.impl.EmployeeServiceTest" time="0.011"/>
  <testcase name="findByIdTestNegative()" classname="com.emansy.employeeservice.business.service.impl.EmployeeServiceTest" time="0.01"/>
  <testcase name="attendEventTestShortenEvent()" classname="com.emansy.employeeservice.business.service.impl.EmployeeServiceTest" time="0.021"/>
  <testcase name="existsByIdTestPositive()" classname="com.emansy.employeeservice.business.service.impl.EmployeeServiceTest" time="0.008"/>
  <testcase name="existsByIdTestNegative()" classname="com.emansy.employeeservice.business.service.impl.EmployeeServiceTest" time="0.009"/>
  <testcase name="attendEventTestRescheduleToSameDayLaterThenToNextMorning()" classname="com.emansy.employeeservice.business.service.impl.EmployeeServiceTest" time="0.017"/>
  <testcase name="attendEventTestNegativeAllRequestedEmployeesAlreadyAttending()" classname="com.emansy.employeeservice.business.service.impl.EmployeeServiceTest" time="0.01"/>
  <testcase name="findAllTestPositive()" classname="com.emansy.employeeservice.business.service.impl.EmployeeServiceTest" time="0.008"/>
  <testcase name="findAllTestNegative()" classname="com.emansy.employeeservice.business.service.impl.EmployeeServiceTest" time="0.008"/>
  <system-out><![CDATA[2024-07-31 12:32:38.721  INFO 16444 --- [    Test worker] .b.t.c.SpringBootTestContextBootstrapper : Neither @ContextConfiguration nor @ContextHierarchy found for test class [com.emansy.employeeservice.business.service.impl.EmployeeServiceTest], using SpringBootContextLoader
2024-07-31 12:32:38.733  INFO 16444 --- [    Test worker] o.s.t.c.s.AbstractContextLoader          : Could not detect default resource locations for test class [com.emansy.employeeservice.business.service.impl.EmployeeServiceTest]: no resource found for suffixes {-context.xml, Context.groovy}.
2024-07-31 12:32:38.733  INFO 16444 --- [    Test worker] t.c.s.AnnotationConfigContextLoaderUtils : Could not detect default configuration classes for test class [com.emansy.employeeservice.business.service.impl.EmployeeServiceTest]: EmployeeServiceTest does not declare any static, non-private, non-final, nested classes annotated with @Configuration.
2024-07-31 12:32:38.749  INFO 16444 --- [    Test worker] .b.t.c.SpringBootTestContextBootstrapper : Found @SpringBootConfiguration com.emansy.employeeservice.EmployeeServiceApplication for test class com.emansy.employeeservice.business.service.impl.EmployeeServiceTest
2024-07-31 12:32:38.757  INFO 16444 --- [    Test worker] .b.t.c.SpringBootTestContextBootstrapper : Loaded default TestExecutionListener class names from location [META-INF/spring.factories]: [org.springframework.boot.test.autoconfigure.restdocs.RestDocsTestExecutionListener, org.springframework.boot.test.autoconfigure.web.client.MockRestServiceServerResetTestExecutionListener, org.springframework.boot.test.autoconfigure.web.servlet.MockMvcPrintOnlyOnFailureTestExecutionListener, org.springframework.boot.test.autoconfigure.web.servlet.WebDriverTestExecutionListener, org.springframework.boot.test.autoconfigure.webservices.client.MockWebServiceServerTestExecutionListener, org.springframework.boot.test.mock.mockito.MockitoTestExecutionListener, org.springframework.boot.test.mock.mockito.ResetMocksTestExecutionListener, org.springframework.test.context.web.ServletTestExecutionListener, org.springframework.test.context.support.DirtiesContextBeforeModesTestExecutionListener, org.springframework.test.context.event.ApplicationEventsTestExecutionListener, org.springframework.test.context.support.DependencyInjectionTestExecutionListener, org.springframework.test.context.support.DirtiesContextTestExecutionListener, org.springframework.test.context.transaction.TransactionalTestExecutionListener, org.springframework.test.context.jdbc.SqlScriptsTestExecutionListener, org.springframework.test.context.event.EventPublishingTestExecutionListener]
2024-07-31 12:32:38.757  INFO 16444 --- [    Test worker] .b.t.c.SpringBootTestContextBootstrapper : Using TestExecutionListeners: [org.springframework.test.context.web.ServletTestExecutionListener@35c66ad, org.springframework.test.context.support.DirtiesContextBeforeModesTestExecutionListener@1c94d976, org.springframework.test.context.event.ApplicationEventsTestExecutionListener@639ad5d9, org.springframework.boot.test.mock.mockito.MockitoTestExecutionListener@3ccca75c, org.springframework.boot.test.autoconfigure.SpringBootDependencyInjectionTestExecutionListener@5cc5d766, org.springframework.test.context.support.DirtiesContextTestExecutionListener@66a0fae1, org.springframework.test.context.transaction.TransactionalTestExecutionListener@53a1cff1, org.springframework.test.context.jdbc.SqlScriptsTestExecutionListener@a8e649e, org.springframework.test.context.event.EventPublishingTestExecutionListener@7802fc4e, org.springframework.boot.test.autoconfigure.restdocs.RestDocsTestExecutionListener@1994665d, org.springframework.boot.test.autoconfigure.web.client.MockRestServiceServerResetTestExecutionListener@4497fcd9, org.springframework.boot.test.autoconfigure.web.servlet.MockMvcPrintOnlyOnFailureTestExecutionListener@3d44da41, org.springframework.boot.test.autoconfigure.web.servlet.WebDriverTestExecutionListener@524ba12b, org.springframework.boot.test.autoconfigure.webservices.client.MockWebServiceServerTestExecutionListener@685783b1, org.springframework.boot.test.mock.mockito.ResetMocksTestExecutionListener@135ddb56]
2024-07-31 12:32:40.406  INFO 16444 --- [    Test worker] c.e.e.b.s.i.EmployeeServiceImpl          : New employee is saved: EmployeeEntity(id=1, firstName=First name, lastName=Last name, email=email@email.com, phone=+37100000000, jobTitleEntity=JobTitleEntity(id=null, name=null), officeEntity=OfficeEntity(id=null, name=null, streetAddress=null, city=null, countryEntity=CountryEntity(code=LV, name=null)), workingStartTime=09:00, workingEndTime=17:00, eventIdEntities=[com.emansy.employeeservice.business.repository.model.EventIdEntity@1b0964cf, com.emansy.employeeservice.business.repository.model.EventIdEntity@573d3ec6])
2024-07-31 12:32:40.519  INFO 16444 --- [    Test worker] c.e.e.b.s.i.EmployeeServiceImpl          : Found 2 future events for the employees with ids [1, 2]
2024-07-31 12:32:40.519  INFO 16444 --- [    Test worker] c.e.e.b.s.i.EmployeeServiceImpl          : Earliest available starting time for the event is 10:00
2024-07-31 12:32:40.519  INFO 16444 --- [    Test worker] c.e.e.b.s.i.EmployeeServiceImpl          : Latest available starting time for the event is 15:00
2024-07-31 12:32:40.525  INFO 16444 --- [    Test worker] c.e.e.b.s.i.EmployeeServiceImpl          : Employees from the countries with codes [LV] are invited to the event
2024-07-31 12:32:40.528  INFO 16444 --- [    Test worker] c.e.e.b.s.i.EmployeeServiceImpl          : 2 public holiday dates are received from the external API: https://date.nager.at/api/v3/NextPublicHolidays/
2024-07-31 12:32:40.531  INFO 16444 --- [    Test worker] c.e.e.b.s.i.EmployeeServiceImpl          : Requested event is not available for all attending employees. Rescheduled event is offered: EventDto(id=3, title=Title, details=Details, date=2023-12-29, startTime=13:00:00, endTime=15:00:00)
2024-07-31 12:32:40.558  INFO 16444 --- [    Test worker] c.e.e.b.s.i.EmployeeServiceImpl          : Found 2 employees attending event with id 1
2024-07-31 12:32:40.608  INFO 16444 --- [    Test worker] c.e.e.b.s.i.EmployeeServiceImpl          : 2 employees' attendance of the event with id 1 is cancelled
2024-07-31 12:32:40.637  INFO 16444 --- [    Test worker] c.e.e.b.s.i.EmployeeServiceImpl          : Found 0 employees attending event with id 1
2024-07-31 12:32:40.658  INFO 16444 --- [    Test worker] c.e.e.b.s.i.EmployeeServiceImpl          : Employee with id 0 is deleted
2024-07-31 12:32:40.684  WARN 16444 --- [    Test worker] c.e.e.b.s.i.EmployeeServiceImpl          : Employees' attendance of the event with id 1 is not found
2024-07-31 12:32:40.708  WARN 16444 --- [    Test worker] c.e.e.b.s.i.EmployeeServiceImpl          : Employees' attendance of the event with id 1 is not found
2024-07-31 12:32:40.733  INFO 16444 --- [    Test worker] c.e.e.b.s.i.EmployeeServiceImpl          : Found 2 employees not attending event with id 1
2024-07-31 12:32:40.747  INFO 16444 --- [    Test worker] c.e.e.b.s.i.EmployeeServiceImpl          : Found 2 future events for the employees with ids [1, 2]
2024-07-31 12:32:40.747  INFO 16444 --- [    Test worker] c.e.e.b.s.i.EmployeeServiceImpl          : Earliest available starting time for the event is 10:00
2024-07-31 12:32:40.747  INFO 16444 --- [    Test worker] c.e.e.b.s.i.EmployeeServiceImpl          : Latest available starting time for the event is 15:00
2024-07-31 12:32:40.747  INFO 16444 --- [    Test worker] c.e.e.b.s.i.EmployeeServiceImpl          : Employees from the countries with codes [LV] are invited to the event
2024-07-31 12:32:40.747  INFO 16444 --- [    Test worker] c.e.e.b.s.i.EmployeeServiceImpl          : 2 public holiday dates are received from the external API: https://date.nager.at/api/v3/NextPublicHolidays/
2024-07-31 12:32:40.758  INFO 16444 --- [    Test worker] c.e.e.b.s.i.EmployeeServiceImpl          : 2 employees' attendance of the event with id 3 is set up
2024-07-31 12:32:40.782  WARN 16444 --- [    Test worker] c.e.e.b.s.i.EmployeeServiceImpl          : Employees' attendance of the event with id 1 is not found
2024-07-31 12:32:40.801  INFO 16444 --- [    Test worker] c.e.e.b.s.i.EmployeeServiceImpl          : Found 0 employees not attending event with id 1
2024-07-31 12:32:40.817  WARN 16444 --- [    Test worker] c.e.e.b.s.i.EmployeeServiceImpl          : Employees with ids [1, 2] are not found
2024-07-31 12:32:40.837  WARN 16444 --- [    Test worker] c.e.e.b.s.i.EmployeeServiceImpl          : Employees' attendance of the event with id 1 is not found
2024-07-31 12:32:40.854  INFO 16444 --- [    Test worker] c.e.e.b.s.i.EmployeeServiceImpl          : Employee is updated: EmployeeEntity(id=1, firstName=First name, lastName=Last name, email=email@email.com, phone=+37100000000, jobTitleEntity=JobTitleEntity(id=null, name=null), officeEntity=OfficeEntity(id=null, name=null, streetAddress=null, city=null, countryEntity=CountryEntity(code=LV, name=null)), workingStartTime=09:00, workingEndTime=17:00, eventIdEntities=[com.emansy.employeeservice.business.repository.model.EventIdEntity@efac87a, com.emansy.employeeservice.business.repository.model.EventIdEntity@27035f4f])
2024-07-31 12:32:40.874  INFO 16444 --- [    Test worker] c.e.e.b.s.i.EmployeeServiceImpl          : Employee is updated: EmployeeEntity(id=2, firstName=First name, lastName=Last name, email=email@email.com, phone=+37100000000, jobTitleEntity=JobTitleEntity(id=null, name=null), officeEntity=OfficeEntity(id=null, name=null, streetAddress=null, city=null, countryEntity=CountryEntity(code=LV, name=null)), workingStartTime=10:00, workingEndTime=18:00, eventIdEntities=[com.emansy.employeeservice.business.repository.model.EventIdEntity@517e381b, com.emansy.employeeservice.business.repository.model.EventIdEntity@184e7447])
2024-07-31 12:32:40.894  WARN 16444 --- [    Test worker] c.e.e.b.s.i.EmployeeServiceImpl          : Requested employees' attendance of the event with id 1 is not found
2024-07-31 12:32:40.908  INFO 16444 --- [    Test worker] c.e.e.b.s.i.EmployeeServiceImpl          : 2 employees' attendance of the event with id 1 is cancelled
2024-07-31 12:32:40.922  INFO 16444 --- [    Test worker] c.e.e.b.s.i.EmployeeServiceImpl          : Found 2 future events for the employees with ids [1, 2]
2024-07-31 12:32:40.936  INFO 16444 --- [    Test worker] c.e.e.b.s.i.EmployeeServiceImpl          : Found 2 events, scheduled between 2023-03-21 and 2030-01-01, for the employees with ids [1, 2]
2024-07-31 12:32:40.948  INFO 16444 --- [    Test worker] c.e.e.b.s.i.EmployeeServiceImpl          : Employee with id 1 is Optional[EmployeeDto(id=1, firstName=First name, lastName=Last name, email=email@email.com, phone=+37100000000, jobTitleDto=JobTitleDto(id=null, name=null), officeDto=OfficeDto(id=null, name=null, streetAddress=null, city=null, countryDto=null), workingStartTime=09:00:00, workingEndTime=17:00:00, eventIds=null)]
2024-07-31 12:32:40.970  WARN 16444 --- [    Test worker] c.e.e.b.s.i.EmployeeServiceImpl          : No attended events found for the employees with ids [1, 2]
2024-07-31 12:32:40.970  WARN 16444 --- [    Test worker] c.e.e.b.s.i.EmployeeServiceImpl          : No attended events found for the employees with ids [1, 2]
2024-07-31 12:32:40.973  INFO 16444 --- [    Test worker] c.e.e.b.s.i.EmployeeServiceImpl          : Employee with id 1 is Optional.empty
2024-07-31 12:32:41.004  INFO 16444 --- [    Test worker] c.e.e.b.s.i.EmployeeServiceImpl          : Found 2 future events for the employees with ids [1, 2]
2024-07-31 12:32:41.005  INFO 16444 --- [    Test worker] c.e.e.b.s.i.EmployeeServiceImpl          : Earliest available starting time for the event is 10:00
2024-07-31 12:32:41.006  INFO 16444 --- [    Test worker] c.e.e.b.s.i.EmployeeServiceImpl          : Latest available starting time for the event is 10:00
2024-07-31 12:32:41.006  INFO 16444 --- [    Test worker] c.e.e.b.s.i.EmployeeServiceImpl          : Employees from the countries with codes [LV] are invited to the event
2024-07-31 12:32:41.008  INFO 16444 --- [    Test worker] c.e.e.b.s.i.EmployeeServiceImpl          : 2 public holiday dates are received from the external API: https://date.nager.at/api/v3/NextPublicHolidays/
2024-07-31 12:32:41.008  INFO 16444 --- [    Test worker] c.e.e.b.s.i.EmployeeServiceImpl          : Requested event is not available for all attending employees. Rescheduled event is offered: EventDto(id=3, title=Title, details=Details, date=2023-12-28, startTime=10:00:00, endTime=17:00:00)
2024-07-31 12:32:41.049  INFO 16444 --- [    Test worker] c.e.e.b.s.i.EmployeeServiceImpl          : Found 2 future events for the employees with ids [1, 2]
2024-07-31 12:32:41.049  INFO 16444 --- [    Test worker] c.e.e.b.s.i.EmployeeServiceImpl          : Earliest available starting time for the event is 10:00
2024-07-31 12:32:41.049  INFO 16444 --- [    Test worker] c.e.e.b.s.i.EmployeeServiceImpl          : Latest available starting time for the event is 15:00
2024-07-31 12:32:41.049  INFO 16444 --- [    Test worker] c.e.e.b.s.i.EmployeeServiceImpl          : Employees from the countries with codes [LV] are invited to the event
2024-07-31 12:32:41.049  INFO 16444 --- [    Test worker] c.e.e.b.s.i.EmployeeServiceImpl          : 2 public holiday dates are received from the external API: https://date.nager.at/api/v3/NextPublicHolidays/
2024-07-31 12:32:41.049  INFO 16444 --- [    Test worker] c.e.e.b.s.i.EmployeeServiceImpl          : Requested event is not available for all attending employees. Rescheduled event is offered: EventDto(id=3, title=Title, details=Details, date=2024-01-02, startTime=10:00:00, endTime=12:00:00)
2024-07-31 12:32:41.065  WARN 16444 --- [    Test worker] c.e.e.b.s.i.EmployeeServiceImpl          : Requested employees already attend the event with id: 3
2024-07-31 12:32:41.081  INFO 16444 --- [    Test worker] c.e.e.b.s.i.EmployeeServiceImpl          : Number of all employees is 2
2024-07-31 12:32:41.098  INFO 16444 --- [    Test worker] c.e.e.b.s.i.EmployeeServiceImpl          : Number of all employees is 0
]]></system-out>
  <system-err><![CDATA[]]></system-err>
</testsuite>
